<?xml version="1.0" encoding="UTF-8"?>
<!-- Generated by org.testng.reporters.JUnitXMLReporter -->
<testsuite ignored="0" hostname="LAPTOP-BQ68R4V7" failures="0" tests="8" name="Login Module" time="30.333" errors="0" timestamp="2026-03-01T11:56:04 IST">
  <testcase classname="tests.LoginTest" name="testLoginScenarios" time="0.031"/>
  <testcase classname="tests.LoginTest" name="testLoginScenarios" time="0.001"/>
  <testcase classname="tests.LoginTest" name="testLoginScenarios" time="0.001"/>
  <testcase classname="tests.LoginTest" name="testLoginScenarios" time="1.019"/>
  <testcase classname="tests.LoginTest" name="testLoginScenarios" time="0.535"/>
  <testcase classname="tests.LoginTest" name="testLoginScenarios" time="0.555"/>
  <testcase classname="tests.LoginTest" name="testLoginScenarios" time="0.583"/>
  <testcase classname="tests.LoginTest" name="testLoginScenarios" time="0.487"/>
</testsuite> <!-- Login Module -->
