<?xml version="1.0" encoding="UTF-8"?>
<testsuite xmlns:xsi="http://www.w3.org/2001/XMLSchema-instance" xsi:noNamespaceSchemaLocation="https://maven.apache.org/surefire/maven-surefire-plugin/xsd/surefire-test-report-3.0.xsd" version="3.0" name="TestSuite" time="39.741" tests="9" errors="0" skipped="0" failures="0">
  <properties>
[...]
</properties>
  <testcase name="testLoginScenarios[standard_user, secret_sauce](1)" classname="tests.LoginTest" time="0.046">
    <system-out><![CDATA[Database connected for validation
ChromeDriver initialized (Incognito mode) in thread: main
Config.properties loaded successfully
===== TEST SETUP COMPLETE - Browser: chrome | Thread: main | URL: https://www.saucedemo.com =====
]]></system-out>
    <system-err><![CDATA[SLF4J: No SLF4J providers were found.
SLF4J: Defaulting to no-operation (NOP) logger implementation
SLF4J: See https://www.slf4j.org/codes.html#noProviders for further details.
Mar 01, 2026 11:55:34 AM io.opentelemetry.api.GlobalOpenTelemetry maybeAutoConfigureAndSetGlobal
INFO: AutoConfiguredOpenTelemetrySdk found on classpath but automatic configuration is disabled. To enable, run your JVM with -Dotel.java.global-autoconfigure.enabled=true
Mar 01, 2026 11:55:39 AM org.openqa.selenium.devtools.CdpVersionFinder findNearestMatch
WARNING: Unable to find CDP implementation matching 146
Mar 01, 2026 11:55:39 AM org.openqa.selenium.chromium.ChromiumDriver lambda$new$5
WARNING: Unable to find version of CDP to use for 146.0.7680.31. You may need to include a dependency on a specific version of the CDP using something similar to `org.seleniumhq.selenium:selenium-devtools-v86:4.16.0` where the version ("v86") matches the version of the chromium-based browser you're using and the version number of the artifact is the same as Selenium's.
]]></system-err>
  </testcase>
  <testcase name="testLoginScenarios[problem_user, secret_sauce](2)" classname="tests.LoginTest" time="0.0">
    <system-out><![CDATA[Driver quit successfully in thread: main
===== TEST TEARDOWN COMPLETE - Thread: main =====
ChromeDriver initialized (Incognito mode) in thread: main
===== TEST SETUP COMPLETE - Browser: chrome | Thread: main | URL: https://www.saucedemo.com =====
]]></system-out>
    <system-err><![CDATA[Mar 01, 2026 11:55:42 AM org.openqa.selenium.devtools.CdpVersionFinder findNearestMatch
WARNING: Unable to find CDP implementation matching 146
Mar 01, 2026 11:55:42 AM org.openqa.selenium.chromium.ChromiumDriver lambda$new$5
WARNING: Unable to find version of CDP to use for 146.0.7680.31. You may need to include a dependency on a specific version of the CDP using something similar to `org.seleniumhq.selenium:selenium-devtools-v86:4.16.0` where the version ("v86") matches the version of the chromium-based browser you're using and the version number of the artifact is the same as Selenium's.
]]></system-err>
  </testcase>
  <testcase name="testLoginScenarios[test_user, testpass](3)" classname="tests.LoginTest" time="0.0">
    <system-out><![CDATA[Driver quit successfully in thread: main
===== TEST TEARDOWN COMPLETE - Thread: main =====
ChromeDriver initialized (Incognito mode) in thread: main
===== TEST SETUP COMPLETE - Browser: chrome | Thread: main | URL: https://www.saucedemo.com =====
]]></system-out>
    <system-err><![CDATA[Mar 01, 2026 11:55:45 AM org.openqa.selenium.devtools.CdpVersionFinder findNearestMatch
WARNING: Unable to find CDP implementation matching 146
Mar 01, 2026 11:55:45 AM org.openqa.selenium.chromium.ChromiumDriver lambda$new$5
WARNING: Unable to find version of CDP to use for 146.0.7680.31. You may need to include a dependency on a specific version of the CDP using something similar to `org.seleniumhq.selenium:selenium-devtools-v86:4.16.0` where the version ("v86") matches the version of the chromium-based browser you're using and the version number of the artifact is the same as Selenium's.
]]></system-err>
  </testcase>
  <testcase name="testLoginScenarios[Valid_Login, standard_user, secret_sauce, Success, success](1)" classname="tests.LoginTest" time="1.018">
    <system-out><![CDATA[Driver quit successfully in thread: main
===== TEST TEARDOWN COMPLETE - Thread: main =====
Excel data loaded from sheet 'LoginData' → 5 valid data rows
ChromeDriver initialized (Incognito mode) in thread: main
===== TEST SETUP COMPLETE - Browser: chrome | Thread: main | URL: https://www.saucedemo.com =====
=== Executing Test Case: Valid_Login ===
LoginPage initialized with Page Factory
Step: Entered username -> standard_user
Step: Entered password
Step: Clicked Login button
VALID LOGIN + SESSION VALIDATION PASSED for user: standard_user
]]></system-out>
    <system-err><![CDATA[Mar 01, 2026 11:55:50 AM org.openqa.selenium.devtools.CdpVersionFinder findNearestMatch
WARNING: Unable to find CDP implementation matching 146
Mar 01, 2026 11:55:50 AM org.openqa.selenium.chromium.ChromiumDriver lambda$new$5
WARNING: Unable to find version of CDP to use for 146.0.7680.31. You may need to include a dependency on a specific version of the CDP using something similar to `org.seleniumhq.selenium:selenium-devtools-v86:4.16.0` where the version ("v86") matches the version of the chromium-based browser you're using and the version number of the artifact is the same as Selenium's.
]]></system-err>
  </testcase>
  <testcase name="testLoginScenarios[Invalid_Creds, wrong_user, wrong_pass, Fail, Epic sadface: Username and password do not match any user in this service](2)" classname="tests.LoginTest" time="0.535">
    <system-out><![CDATA[Driver quit successfully in thread: main
===== TEST TEARDOWN COMPLETE - Thread: main =====
ChromeDriver initialized (Incognito mode) in thread: main
===== TEST SETUP COMPLETE - Browser: chrome | Thread: main | URL: https://www.saucedemo.com =====
=== Executing Test Case: Invalid_Creds ===
LoginPage initialized with Page Factory
Step: Entered username -> wrong_user
Step: Entered password
Step: Clicked Login button
Wait completed - element is visible
Step: Error message captured -> Epic sadface: Username and password do not match any user in this service
INVALID/LOCKED USER SCENARIO HANDLED CORRECTLY
]]></system-out>
    <system-err><![CDATA[Mar 01, 2026 11:55:53 AM org.openqa.selenium.devtools.CdpVersionFinder findNearestMatch
WARNING: Unable to find CDP implementation matching 146
Mar 01, 2026 11:55:53 AM org.openqa.selenium.chromium.ChromiumDriver lambda$new$5
WARNING: Unable to find version of CDP to use for 146.0.7680.31. You may need to include a dependency on a specific version of the CDP using something similar to `org.seleniumhq.selenium:selenium-devtools-v86:4.16.0` where the version ("v86") matches the version of the chromium-based browser you're using and the version number of the artifact is the same as Selenium's.
]]></system-err>
  </testcase>
  <testcase name="testLoginScenarios[Locked_User, locked_out_user, secret_sauce, Fail, Epic sadface: Sorry, this user has been locked out.](3)" classname="tests.LoginTest" time="0.555">
    <system-out><![CDATA[Driver quit successfully in thread: main
===== TEST TEARDOWN COMPLETE - Thread: main =====
ChromeDriver initialized (Incognito mode) in thread: main
===== TEST SETUP COMPLETE - Browser: chrome | Thread: main | URL: https://www.saucedemo.com =====
=== Executing Test Case: Locked_User ===
LoginPage initialized with Page Factory
Step: Entered username -> locked_out_user
Step: Entered password
Step: Clicked Login button
Wait completed - element is visible
Step: Error message captured -> Epic sadface: Sorry, this user has been locked out.
INVALID/LOCKED USER SCENARIO HANDLED CORRECTLY
]]></system-out>
    <system-err><![CDATA[Mar 01, 2026 11:55:56 AM org.openqa.selenium.devtools.CdpVersionFinder findNearestMatch
WARNING: Unable to find CDP implementation matching 146
Mar 01, 2026 11:55:56 AM org.openqa.selenium.chromium.ChromiumDriver lambda$new$5
WARNING: Unable to find version of CDP to use for 146.0.7680.31. You may need to include a dependency on a specific version of the CDP using something similar to `org.seleniumhq.selenium:selenium-devtools-v86:4.16.0` where the version ("v86") matches the version of the chromium-based browser you're using and the version number of the artifact is the same as Selenium's.
]]></system-err>
  </testcase>
  <testcase name="testLoginScenarios[Empty_Username, , secret_sauce, Fail, Epic sadface: Username is required](4)" classname="tests.LoginTest" time="0.583">
    <system-out><![CDATA[Driver quit successfully in thread: main
===== TEST TEARDOWN COMPLETE - Thread: main =====
ChromeDriver initialized (Incognito mode) in thread: main
===== TEST SETUP COMPLETE - Browser: chrome | Thread: main | URL: https://www.saucedemo.com =====
=== Executing Test Case: Empty_Username ===
LoginPage initialized with Page Factory
Step: Entered username -> 
Step: Entered password
Step: Clicked Login button
Wait completed - element is visible
Step: Error message captured -> Epic sadface: Username is required
INVALID/LOCKED USER SCENARIO HANDLED CORRECTLY
]]></system-out>
    <system-err><![CDATA[Mar 01, 2026 11:55:59 AM org.openqa.selenium.devtools.CdpVersionFinder findNearestMatch
WARNING: Unable to find CDP implementation matching 146
Mar 01, 2026 11:55:59 AM org.openqa.selenium.chromium.ChromiumDriver lambda$new$5
WARNING: Unable to find version of CDP to use for 146.0.7680.31. You may need to include a dependency on a specific version of the CDP using something similar to `org.seleniumhq.selenium:selenium-devtools-v86:4.16.0` where the version ("v86") matches the version of the chromium-based browser you're using and the version number of the artifact is the same as Selenium's.
]]></system-err>
  </testcase>
  <testcase name="testLoginScenarios[Empty_Password, standard_user, , Fail, Epic sadface: Password is required](5)" classname="tests.LoginTest" time="0.488">
    <system-out><![CDATA[Driver quit successfully in thread: main
===== TEST TEARDOWN COMPLETE - Thread: main =====
ChromeDriver initialized (Incognito mode) in thread: main
===== TEST SETUP COMPLETE - Browser: chrome | Thread: main | URL: https://www.saucedemo.com =====
=== Executing Test Case: Empty_Password ===
LoginPage initialized with Page Factory
Step: Entered username -> standard_user
Step: Entered password
Step: Clicked Login button
Wait completed - element is visible
Step: Error message captured -> Epic sadface: Password is required
INVALID/LOCKED USER SCENARIO HANDLED CORRECTLY
]]></system-out>
    <system-err><![CDATA[Mar 01, 2026 11:56:02 AM org.openqa.selenium.devtools.CdpVersionFinder findNearestMatch
WARNING: Unable to find CDP implementation matching 146
Mar 01, 2026 11:56:02 AM org.openqa.selenium.chromium.ChromiumDriver lambda$new$5
WARNING: Unable to find version of CDP to use for 146.0.7680.31. You may need to include a dependency on a specific version of the CDP using something similar to `org.seleniumhq.selenium:selenium-devtools-v86:4.16.0` where the version ("v86") matches the version of the chromium-based browser you're using and the version number of the artifact is the same as Selenium's.
]]></system-err>
  </testcase>
  <testcase name="completeECommerceWorkflow" classname="tests.ECommerceWorkflowTest" time="6.125">
    <system-out><![CDATA[Driver quit successfully in thread: main
===== TEST TEARDOWN COMPLETE - Thread: main =====
Database connection closed
Database connected for validation
ChromeDriver initialized (Incognito mode) in thread: main
===== TEST SETUP COMPLETE - Browser: chrome | Thread: main | URL: https://www.saucedemo.com =====
=== STARTING FULL E-COMMERCE WORKFLOW WITH DB VALIDATION ===
LoginPage initialized with Page Factory
Step: Entered username -> standard_user
Step: Entered password
Step: Clicked Login button
Step: Valid login completed
DB Validation: User 'standard_user' exists in DB
ProductsPage initialized
Wait completed - element is visible
Step: Products page displayed -> true
Wait completed - element is clickable
Step: Sorted products by -> Name (A to Z)
Wait completed - element is clickable
Step: Sorted products by -> Price (low to high)
Wait completed - element is clickable
Step: Added to cart -> Sauce Labs Backpack
Wait completed - element is clickable
Step: Added to cart -> Sauce Labs Bike Light
Wait completed - element is clickable
Step: Added to cart -> Sauce Labs Fleece Jacket
Wait completed - element is visible
Step: Cart badge visible, count = 3
Step: 3 products added & cart count verified
DB Validation: product 'Sauce Labs Backpack' has quantity 10 and is available
Step: Navigated to Cart via header
Wait completed - element is clickable
Step: Removed from cart -> Sauce Labs Bike Light
Wait completed - element is visible
Step: Cart badge visible, count = 2
Step: Item removed & cart count verified
Wait completed - element is clickable
Step: Clicked Continue Shopping
Step: Navigated to Cart via header
Wait completed - element is clickable
Step: Clicked Checkout button
Step: Filled shipping info -> John Doe 560001
Wait completed - element is clickable
Step: Clicked Continue (to overview)
Wait completed - element is clickable
Step: Clicked Finish purchase
Wait completed - element is visible
Step: Order confirmation message -> Thank you for your order!
Step: End-to-end purchase flow completed & validated
DB Validation: order exists - ID: 1, Total: 49.99, Status: Completed
=== E-COMMERCE WORKFLOW TEST + DB VALIDATION PASSED SUCCESSFULLY ===
]]></system-out>
    <system-err><![CDATA[Mar 01, 2026 11:56:05 AM org.openqa.selenium.devtools.CdpVersionFinder findNearestMatch
WARNING: Unable to find CDP implementation matching 146
Mar 01, 2026 11:56:05 AM org.openqa.selenium.chromium.ChromiumDriver lambda$new$5
WARNING: Unable to find version of CDP to use for 146.0.7680.31. You may need to include a dependency on a specific version of the CDP using something similar to `org.seleniumhq.selenium:selenium-devtools-v86:4.16.0` where the version ("v86") matches the version of the chromium-based browser you're using and the version number of the artifact is the same as Selenium's.
]]></system-err>
  </testcase>
</testsuite>