<?xml version="1.0" encoding="UTF-8"?>
<testng-results ignored="0" total="9" passed="9" failed="0" skipped="0">
  <reporter-output>
  </reporter-output>
  <suite started-at="2026-03-01T11:55:34 IST" name="SauceDemo Advanced Framework" finished-at="2026-03-01T11:56:13 IST" duration-ms="39077">
    <groups>
    </groups>
    <test started-at="2026-03-01T11:55:34 IST" name="Login Module" finished-at="2026-03-01T11:56:04 IST" duration-ms="30333">
      <class name="tests.LoginTest">
        <test-method is-config="true" signature="setUpDatabase()[pri:0, instance:tests.LoginTest@59d016c9]" started-at="2026-03-01T11:55:34 IST" name="setUpDatabase" finished-at="2026-03-01T11:55:35 IST" duration-ms="623" status="PASS">
          <reporter-output>
          </reporter-output>
        </test-method> <!-- setUpDatabase -->
        <test-method is-config="true" signature="setUp(java.lang.String)[pri:0, instance:tests.LoginTest@59d016c9]" started-at="2026-03-01T11:55:35 IST" name="setUp" finished-at="2026-03-01T11:55:41 IST" duration-ms="6109" status="PASS">
          <params>
            <param index="0">
              <value>
                <![CDATA[chrome]]>
              </value>
            </param>
          </params>
          <reporter-output>
          </reporter-output>
        </test-method> <!-- setUp -->
        <test-method signature="testLoginScenarios(java.lang.String,java.lang.String)[pri:0, instance:tests.LoginTest@59d016c9]" started-at="2026-03-01T11:55:41 IST" name="testLoginScenarios" data-provider="loginDataFromDB" finished-at="2026-03-01T11:55:41 IST" duration-ms="31" status="PASS">
          <params>
            <param index="0">
              <value>
                <![CDATA[standard_user]]>
              </value>
            </param>
            <param index="1">
              <value>
                <![CDATA[secret_sauce]]>
              </value>
            </param>
          </params>
          <reporter-output>
          </reporter-output>
        </test-method> <!-- testLoginScenarios -->
        <test-method is-config="true" signature="tearDown()[pri:0, instance:tests.LoginTest@59d016c9]" started-at="2026-03-01T11:55:41 IST" name="tearDown" finished-at="2026-03-01T11:55:41 IST" duration-ms="289" status="PASS">
          <reporter-output>
          </reporter-output>
        </test-method> <!-- tearDown -->
        <test-method is-config="true" signature="setUp(java.lang.String)[pri:0, instance:tests.LoginTest@59d016c9]" started-at="2026-03-01T11:55:41 IST" name="setUp" finished-at="2026-03-01T11:55:43 IST" duration-ms="2294" status="PASS">
          <params>
            <param index="0">
              <value>
                <![CDATA[chrome]]>
              </value>
            </param>
          </params>
          <reporter-output>
          </reporter-output>
        </test-method> <!-- setUp -->
        <test-method signature="testLoginScenarios(java.lang.String,java.lang.String)[pri:0, instance:tests.LoginTest@59d016c9]" started-at="2026-03-01T11:55:43 IST" name="testLoginScenarios" data-provider="loginDataFromDB" finished-at="2026-03-01T11:55:43 IST" duration-ms="1" status="PASS">
          <params>
            <param index="0">
              <value>
                <![CDATA[problem_user]]>
              </value>
            </param>
            <param index="1">
              <value>
                <![CDATA[secret_sauce]]>
              </value>
            </param>
          </params>
          <reporter-output>
          </reporter-output>
        </test-method> <!-- testLoginScenarios -->
        <test-method is-config="true" signature="tearDown()[pri:0, instance:tests.LoginTest@59d016c9]" started-at="2026-03-01T11:55:43 IST" name="tearDown" finished-at="2026-03-01T11:55:44 IST" duration-ms="316" status="PASS">
          <reporter-output>
          </reporter-output>
        </test-method> <!-- tearDown -->
        <test-method is-config="true" signature="setUp(java.lang.String)[pri:0, instance:tests.LoginTest@59d016c9]" started-at="2026-03-01T11:55:44 IST" name="setUp" finished-at="2026-03-01T11:55:46 IST" duration-ms="1964" status="PASS">
          <params>
            <param index="0">
              <value>
                <![CDATA[chrome]]>
              </value>
            </param>
          </params>
          <reporter-output>
          </reporter-output>
        </test-method> <!-- setUp -->
        <test-method signature="testLoginScenarios(java.lang.String,java.lang.String)[pri:0, instance:tests.LoginTest@59d016c9]" started-at="2026-03-01T11:55:46 IST" name="testLoginScenarios" data-provider="loginDataFromDB" finished-at="2026-03-01T11:55:46 IST" duration-ms="1" status="PASS">
          <params>
            <param index="0">
              <value>
                <![CDATA[test_user]]>
              </value>
            </param>
            <param index="1">
              <value>
                <![CDATA[testpass]]>
              </value>
            </param>
          </params>
          <reporter-output>
          </reporter-output>
        </test-method> <!-- testLoginScenarios -->
        <test-method is-config="true" signature="tearDown()[pri:0, instance:tests.LoginTest@59d016c9]" started-at="2026-03-01T11:55:46 IST" name="tearDown" finished-at="2026-03-01T11:55:46 IST" duration-ms="315" status="PASS">
          <reporter-output>
          </reporter-output>
        </test-method> <!-- tearDown -->
        <test-method is-config="true" signature="setUp(java.lang.String)[pri:0, instance:tests.LoginTest@59d016c9]" started-at="2026-03-01T11:55:49 IST" name="setUp" finished-at="2026-03-01T11:55:51 IST" duration-ms="1948" status="PASS">
          <params>
            <param index="0">
              <value>
                <![CDATA[chrome]]>
              </value>
            </param>
          </params>
          <reporter-output>
          </reporter-output>
        </test-method> <!-- setUp -->
        <test-method signature="testLoginScenarios(java.lang.String,java.lang.String,java.lang.String,java.lang.String,java.lang.String)[pri:0, instance:tests.LoginTest@59d016c9]" started-at="2026-03-01T11:55:51 IST" name="testLoginScenarios" data-provider="loginData" finished-at="2026-03-01T11:55:52 IST" duration-ms="1019" status="PASS">
          <params>
            <param index="0">
              <value>
                <![CDATA[Valid_Login]]>
              </value>
            </param>
            <param index="1">
              <value>
                <![CDATA[standard_user]]>
              </value>
            </param>
            <param index="2">
              <value>
                <![CDATA[secret_sauce]]>
              </value>
            </param>
            <param index="3">
              <value>
                <![CDATA[Success]]>
              </value>
            </param>
            <param index="4">
              <value>
                <![CDATA[success]]>
              </value>
            </param>
          </params>
          <reporter-output>
          </reporter-output>
        </test-method> <!-- testLoginScenarios -->
        <test-method is-config="true" signature="tearDown()[pri:0, instance:tests.LoginTest@59d016c9]" started-at="2026-03-01T11:55:52 IST" name="tearDown" finished-at="2026-03-01T11:55:52 IST" duration-ms="299" status="PASS">
          <reporter-output>
          </reporter-output>
        </test-method> <!-- tearDown -->
        <test-method is-config="true" signature="setUp(java.lang.String)[pri:0, instance:tests.LoginTest@59d016c9]" started-at="2026-03-01T11:55:52 IST" name="setUp" finished-at="2026-03-01T11:55:54 IST" duration-ms="1783" status="PASS">
          <params>
            <param index="0">
              <value>
                <![CDATA[chrome]]>
              </value>
            </param>
          </params>
          <reporter-output>
          </reporter-output>
        </test-method> <!-- setUp -->
        <test-method signature="testLoginScenarios(java.lang.String,java.lang.String,java.lang.String,java.lang.String,java.lang.String)[pri:0, instance:tests.LoginTest@59d016c9]" started-at="2026-03-01T11:55:54 IST" name="testLoginScenarios" data-provider="loginData" finished-at="2026-03-01T11:55:55 IST" duration-ms="535" status="PASS">
          <params>
            <param index="0">
              <value>
                <![CDATA[Invalid_Creds]]>
              </value>
            </param>
            <param index="1">
              <value>
                <![CDATA[wrong_user]]>
              </value>
            </param>
            <param index="2">
              <value>
                <![CDATA[wrong_pass]]>
              </value>
            </param>
            <param index="3">
              <value>
                <![CDATA[Fail]]>
              </value>
            </param>
            <param index="4">
              <value>
                <![CDATA[Epic sadface: Username and password do not match any user in this service]]>
              </value>
            </param>
          </params>
          <reporter-output>
          </reporter-output>
        </test-method> <!-- testLoginScenarios -->
        <test-method is-config="true" signature="tearDown()[pri:0, instance:tests.LoginTest@59d016c9]" started-at="2026-03-01T11:55:55 IST" name="tearDown" finished-at="2026-03-01T11:55:55 IST" duration-ms="228" status="PASS">
          <reporter-output>
          </reporter-output>
        </test-method> <!-- tearDown -->
        <test-method is-config="true" signature="setUp(java.lang.String)[pri:0, instance:tests.LoginTest@59d016c9]" started-at="2026-03-01T11:55:55 IST" name="setUp" finished-at="2026-03-01T11:55:57 IST" duration-ms="2007" status="PASS">
          <params>
            <param index="0">
              <value>
                <![CDATA[chrome]]>
              </value>
            </param>
          </params>
          <reporter-output>
          </reporter-output>
        </test-method> <!-- setUp -->
        <test-method signature="testLoginScenarios(java.lang.String,java.lang.String,java.lang.String,java.lang.String,java.lang.String)[pri:0, instance:tests.LoginTest@59d016c9]" started-at="2026-03-01T11:55:57 IST" name="testLoginScenarios" data-provider="loginData" finished-at="2026-03-01T11:55:57 IST" duration-ms="555" status="PASS">
          <params>
            <param index="0">
              <value>
                <![CDATA[Locked_User]]>
              </value>
            </param>
            <param index="1">
              <value>
                <![CDATA[locked_out_user]]>
              </value>
            </param>
            <param index="2">
              <value>
                <![CDATA[secret_sauce]]>
              </value>
            </param>
            <param index="3">
              <value>
                <![CDATA[Fail]]>
              </value>
            </param>
            <param index="4">
              <value>
                <![CDATA[Epic sadface: Sorry, this user has been locked out.]]>
              </value>
            </param>
          </params>
          <reporter-output>
          </reporter-output>
        </test-method> <!-- testLoginScenarios -->
        <test-method is-config="true" signature="tearDown()[pri:0, instance:tests.LoginTest@59d016c9]" started-at="2026-03-01T11:55:57 IST" name="tearDown" finished-at="2026-03-01T11:55:58 IST" duration-ms="218" status="PASS">
          <reporter-output>
          </reporter-output>
        </test-method> <!-- tearDown -->
        <test-method is-config="true" signature="setUp(java.lang.String)[pri:0, instance:tests.LoginTest@59d016c9]" started-at="2026-03-01T11:55:58 IST" name="setUp" finished-at="2026-03-01T11:56:00 IST" duration-ms="1980" status="PASS">
          <params>
            <param index="0">
              <value>
                <![CDATA[chrome]]>
              </value>
            </param>
          </params>
          <reporter-output>
          </reporter-output>
        </test-method> <!-- setUp -->
        <test-method signature="testLoginScenarios(java.lang.String,java.lang.String,java.lang.String,java.lang.String,java.lang.String)[pri:0, instance:tests.LoginTest@59d016c9]" started-at="2026-03-01T11:56:00 IST" name="testLoginScenarios" data-provider="loginData" finished-at="2026-03-01T11:56:00 IST" duration-ms="583" status="PASS">
          <params>
            <param index="0">
              <value>
                <![CDATA[Empty_Username]]>
              </value>
            </param>
            <param index="1">
              <value>
                <![CDATA[]]>
              </value>
            </param>
            <param index="2">
              <value>
                <![CDATA[secret_sauce]]>
              </value>
            </param>
            <param index="3">
              <value>
                <![CDATA[Fail]]>
              </value>
            </param>
            <param index="4">
              <value>
                <![CDATA[Epic sadface: Username is required]]>
              </value>
            </param>
          </params>
          <reporter-output>
          </reporter-output>
        </test-method> <!-- testLoginScenarios -->
        <test-method is-config="true" signature="tearDown()[pri:0, instance:tests.LoginTest@59d016c9]" started-at="2026-03-01T11:56:00 IST" name="tearDown" finished-at="2026-03-01T11:56:01 IST" duration-ms="264" status="PASS">
          <reporter-output>
          </reporter-output>
        </test-method> <!-- tearDown -->
        <test-method is-config="true" signature="setUp(java.lang.String)[pri:0, instance:tests.LoginTest@59d016c9]" started-at="2026-03-01T11:56:01 IST" name="setUp" finished-at="2026-03-01T11:56:03 IST" duration-ms="2716" status="PASS">
          <params>
            <param index="0">
              <value>
                <![CDATA[chrome]]>
              </value>
            </param>
          </params>
          <reporter-output>
          </reporter-output>
        </test-method> <!-- setUp -->
        <test-method signature="testLoginScenarios(java.lang.String,java.lang.String,java.lang.String,java.lang.String,java.lang.String)[pri:0, instance:tests.LoginTest@59d016c9]" started-at="2026-03-01T11:56:03 IST" name="testLoginScenarios" data-provider="loginData" finished-at="2026-03-01T11:56:04 IST" duration-ms="487" status="PASS">
          <params>
            <param index="0">
              <value>
                <![CDATA[Empty_Password]]>
              </value>
            </param>
            <param index="1">
              <value>
                <![CDATA[standard_user]]>
              </value>
            </param>
            <param index="2">
              <value>
                <![CDATA[]]>
              </value>
            </param>
            <param index="3">
              <value>
                <![CDATA[Fail]]>
              </value>
            </param>
            <param index="4">
              <value>
                <![CDATA[Epic sadface: Password is required]]>
              </value>
            </param>
          </params>
          <reporter-output>
          </reporter-output>
        </test-method> <!-- testLoginScenarios -->
        <test-method is-config="true" signature="tearDown()[pri:0, instance:tests.LoginTest@59d016c9]" started-at="2026-03-01T11:56:04 IST" name="tearDown" finished-at="2026-03-01T11:56:04 IST" duration-ms="224" status="PASS">
          <reporter-output>
          </reporter-output>
        </test-method> <!-- tearDown -->
        <test-method is-config="true" signature="tearDownDatabase()[pri:0, instance:tests.LoginTest@59d016c9]" started-at="2026-03-01T11:56:04 IST" name="tearDownDatabase" finished-at="2026-03-01T11:56:04 IST" duration-ms="4" status="PASS">
          <reporter-output>
          </reporter-output>
        </test-method> <!-- tearDownDatabase -->
      </class> <!-- tests.LoginTest -->
    </test> <!-- Login Module -->
    <test started-at="2026-03-01T11:56:04 IST" name="E-Commerce Workflow" finished-at="2026-03-01T11:56:13 IST" duration-ms="8326">
      <class name="tests.ECommerceWorkflowTest">
        <test-method is-config="true" signature="setUpDatabase()[pri:0, instance:tests.ECommerceWorkflowTest@4a22f9e2]" started-at="2026-03-01T11:56:04 IST" name="setUpDatabase" finished-at="2026-03-01T11:56:04 IST" duration-ms="27" status="PASS">
          <reporter-output>
          </reporter-output>
        </test-method> <!-- setUpDatabase -->
        <test-method is-config="true" signature="setUp(java.lang.String)[pri:0, instance:tests.ECommerceWorkflowTest@4a22f9e2]" started-at="2026-03-01T11:56:04 IST" name="setUp" finished-at="2026-03-01T11:56:06 IST" duration-ms="1947" status="PASS">
          <params>
            <param index="0">
              <value>
                <![CDATA[chrome]]>
              </value>
            </param>
          </params>
          <reporter-output>
          </reporter-output>
        </test-method> <!-- setUp -->
        <test-method signature="completeECommerceWorkflow()[pri:0, instance:tests.ECommerceWorkflowTest@4a22f9e2]" started-at="2026-03-01T11:56:06 IST" name="completeECommerceWorkflow" finished-at="2026-03-01T11:56:12 IST" duration-ms="6129" status="PASS">
          <reporter-output>
          </reporter-output>
        </test-method> <!-- completeECommerceWorkflow -->
        <test-method is-config="true" signature="tearDown()[pri:0, instance:tests.ECommerceWorkflowTest@4a22f9e2]" started-at="2026-03-01T11:56:12 IST" name="tearDown" finished-at="2026-03-01T11:56:13 IST" duration-ms="219" status="PASS">
          <reporter-output>
          </reporter-output>
        </test-method> <!-- tearDown -->
        <test-method is-config="true" signature="tearDownDatabase()[pri:0, instance:tests.ECommerceWorkflowTest@4a22f9e2]" started-at="2026-03-01T11:56:13 IST" name="tearDownDatabase" finished-at="2026-03-01T11:56:13 IST" duration-ms="2" status="PASS">
          <reporter-output>
          </reporter-output>
        </test-method> <!-- tearDownDatabase -->
      </class> <!-- tests.ECommerceWorkflowTest -->
    </test> <!-- E-Commerce Workflow -->
  </suite> <!-- SauceDemo Advanced Framework -->
</testng-results>
