<?xml version="1.0" encoding="UTF-8"?>
<!-- Generated by org.testng.reporters.JUnitReportReporter -->
<testsuite hostname="LAPTOP-BQ68R4V7" failures="0" tests="8" name="tests.LoginTest" time="26.166" errors="0" timestamp="2026-03-01T11:56:13 IST" skipped="0">
  <testcase classname="tests.LoginTest" name="testLoginScenarios" time="2.759"/>
  <testcase classname="tests.LoginTest" name="testLoginScenarios" time="2.826"/>
  <testcase classname="tests.LoginTest" name="testLoginScenarios" time="6.455"/>
  <testcase classname="tests.LoginTest" name="testLoginScenarios" time="3.475"/>
  <testcase classname="tests.LoginTest" name="testLoginScenarios" time="3.288"/>
  <testcase classname="tests.LoginTest" name="testLoginScenarios" time="2.586"/>
  <testcase classname="tests.LoginTest" name="testLoginScenarios" time="2.183"/>
  <testcase classname="tests.LoginTest" name="testLoginScenarios" time="2.594"/>
</testsuite> <!-- tests.LoginTest -->
